----------------------------------------------------
CHECKER-1.1 : inst\A6a @ 2022-03-25 15:29:00.087112
----------------------------------------------------
Exécution de Probleme sur inst\A6a...
Your OS does not support SIGALRM: timeout disabled. Beware of infinite loops.
----------------------------------------------------
Lecture et vérification de la solution...
Jour 1:Champs en trop:1;150;112;;0 0 0 0 101 49 0 0 0 0 101 11 0 0 0 0 0 0 0 0 0 0 0 0 0 0 0 0 0 0 0 0 0 0 0 0 ;101;161;;265.8;470;1365.3
Jour 2:Champs en trop:2;150;112;;0 0 0 0 101 49 0 0 0 0 101 11 0 0 0 0 0 0 0 0 0 0 0 0 0 0 0 0 0 0 0 0 0 0 0 0 ;101;161;;265.8;470;1365.3
Jour 3:Champs en trop:3;150;112;;0 0 0 0 101 49 0 0 0 0 101 11 0 0 0 0 0 0 0 0 0 0 0 0 0 0 0 0 0 0 0 0 0 0 0 0 ;101;161;;265.8;470;1365.3
Jour 4:Champs en trop:4;150;112;;0 0 0 0 101 49 0 0 0 0 101 11 0 0 0 0 0 0 0 0 0 0 0 0 0 0 0 0 0 0 0 0 0 0 0 0 ;101;161;;265.8;470;1365.3
Jour 5:Champs en trop:5;150;112;;0 0 0 0 101 49 0 0 0 0 101 11 0 0 0 0 0 0 0 0 0 0 0 0 0 0 0 0 0 0 0 0 0 0 0 0 ;101;161;;265.8;470;1365.3
Jour 6:Champs en trop:6;150;112;;0 0 0 0 101 49 0 0 0 0 101 11 0 0 0 0 0 0 0 0 0 0 0 0 0 0 0 0 0 0 0 0 0 0 0 0 ;101;161;;265.8;470;1365.3
Jour 7:Champs en trop:7;150;112;;0 0 0 0 101 49 0 0 0 0 101 11 0 0 0 0 0 0 0 0 0 0 0 0 0 0 0 0 0 0 0 0 0 0 0 0 ;101;161;;265.8;470;1365.3
Jour 8:Champs en trop:8;150;112;;0 0 0 0 101 49 0 0 0 0 101 11 0 0 0 0 0 0 0 0 0 0 0 0 0 0 0 0 0 0 0 0 0 0 0 0 ;101;161;;265.8;470;1365.3
Jour 9:Champs en trop:9;150;112;;0 0 0 0 101 49 0 0 0 0 101 11 0 0 0 0 0 0 0 0 0 0 0 0 0 0 0 0 0 0 0 0 0 0 0 0 ;101;161;;265.8;470;1365.3
Jour 10:Champs en trop:10;150;112;;0 0 0 0 101 49 0 0 0 0 101 11 0 0 0 0 0 0 0 0 0 0 0 0 0 0 0 0 0 0 0 0 0 0 0 0 ;101;161;;265.8;470;1365.3
Jour 11:Champs en trop:11;150;112;;0 0 0 0 101 49 0 0 0 0 101 11 0 0 0 0 0 0 0 0 0 0 0 0 0 0 0 0 0 0 0 0 0 0 0 0 ;101;161;;265.8;470;1365.3
Jour 12:Champs en trop:12;150;112;;0 0 0 0 101 49 0 0 0 0 101 11 0 0 0 0 0 0 0 0 0 0 0 0 0 0 0 0 0 0 0 0 0 0 0 0 ;101;161;;265.8;470;1365.3
Jour 13:Champs en trop:13;150;112;;0 0 0 0 101 49 0 0 0 0 101 11 0 0 0 0 0 0 0 0 0 0 0 0 0 0 0 0 0 0 0 0 0 0 0 0 ;101;161;;265.8;470;1365.3
Jour 14:Champs en trop:14;150;112;;0 0 0 0 101 49 0 0 0 0 101 11 0 0 0 0 0 0 0 0 0 0 0 0 0 0 0 0 0 0 0 0 0 0 0 0 ;101;161;;265.8;470;1365.3
Jour 15:Champs en trop:15;150;112;;0 0 0 0 101 49 0 0 0 0 101 11 0 0 0 0 0 0 0 0 0 0 0 0 0 0 0 0 0 0 0 0 0 0 0 0 ;101;161;;265.8;470;1365.3
Jour 16:Champs en trop:16;150;112;;0 0 0 0 101 49 0 0 0 0 101 11 0 0 0 0 0 0 0 0 0 0 0 0 0 0 0 0 0 0 0 0 0 0 0 0 ;101;161;;265.8;470;1365.3
Jour 17:Champs en trop:17;150;112;;0 0 0 0 101 49 0 0 0 0 101 11 0 0 0 0 0 0 0 0 0 0 0 0 0 0 0 0 0 0 0 0 0 0 0 0 ;101;161;;265.8;470;1365.3
Jour 18:Champs en trop:18;150;112;;0 0 0 0 101 49 0 0 0 0 101 11 0 0 0 0 0 0 0 0 0 0 0 0 0 0 0 0 0 0 0 0 0 0 0 0 ;101;161;;265.8;470;1365.3
Jour 19:Champs en trop:19;150;112;;0 0 0 0 101 49 0 0 0 0 101 11 0 0 0 0 0 0 0 0 0 0 0 0 0 0 0 0 0 0 0 0 0 0 0 0 ;101;161;;265.8;470;1365.3
Jour 20:Champs en trop:20;150;112;;0 0 0 0 101 49 0 0 0 0 101 11 0 0 0 0 0 0 0 0 0 0 0 0 0 0 0 0 0 0 0 0 0 0 0 0 ;101;161;;265.8;470;1365.3
Il y a eu 20 erreurs ! Il faut les corriger.
----------------------------------------------------
Évaluation prévisionnelle...
COÛT TOTAL PRÉVISIONNEL       :       21143.00€
... DONT PRODUITS MANQUANTS   :       13560.00€
VENTES TOTALES PRÉVISIONNELLES:      339000.00€
BILAN PRÉVISIONNEL            :      317857.00€
----------------------------------------------------
Évaluation en simulation...
Historique trop court pour être utilisé comme demande.
