----------------------------------------------------
CHECKER-1.1 : inst\B3a @ 2022-03-25 21:49:55.726999
----------------------------------------------------
Exécution de Probleme sur inst\B3a...
Your OS does not support SIGALRM: timeout disabled. Beware of infinite loops.
----------------------------------------------------
Lecture et vérification de la solution...
Jour 1:Transports en trop:0 0 87 0 0 0 0 0 0 87
Jour 1:Ventes prévues invalides pour le Magasin 2: n'est pas un entier (0 utilisé)
Jour 1, Usine 0:Capacité de stockage insuffisante ; stock prévu de 137 limité à 100.
Jour 1:Coûts totaux de stockage mal estimés:150.0 !=40.0.
Jour 1:Coûts de transport mal estimés:478.5 !=0.0.
Jour 2:Transports en trop:0 0 87 0 0 0 0 0 0 87
Jour 2:Ventes prévues invalides pour le Magasin 2: n'est pas un entier (0 utilisé)
Jour 2, Usine 0:Capacité de stockage insuffisante ; stock prévu de 187 limité à 100.
Jour 2:Coûts totaux de stockage mal estimés:150.0 !=40.0.
Jour 2:Coûts de transport mal estimés:478.5 !=0.0.
Jour 3:Transports en trop:0 0 87 0 0 0 0 0 0 87
Jour 3:Ventes prévues invalides pour le Magasin 2: n'est pas un entier (0 utilisé)
Jour 3, Usine 0:Capacité de stockage insuffisante ; stock prévu de 187 limité à 100.
Jour 3:Coûts totaux de stockage mal estimés:150.0 !=40.0.
Jour 3:Coûts de transport mal estimés:478.5 !=0.0.
Jour 4:Transports en trop:0 0 87 0 0 0 0 0 0 87
Jour 4:Ventes prévues invalides pour le Magasin 2: n'est pas un entier (0 utilisé)
Jour 4, Usine 0:Capacité de stockage insuffisante ; stock prévu de 187 limité à 100.
Jour 4:Coûts totaux de stockage mal estimés:150.0 !=40.0.
Jour 4:Coûts de transport mal estimés:478.5 !=0.0.
Jour 5:Transports en trop:0 0 87 0 0 0 0 0 0 87
Jour 5:Ventes prévues invalides pour le Magasin 2: n'est pas un entier (0 utilisé)
Jour 5, Usine 0:Capacité de stockage insuffisante ; stock prévu de 187 limité à 100.
Jour 5:Coûts totaux de stockage mal estimés:150.0 !=40.0.
Jour 5:Coûts de transport mal estimés:478.5 !=0.0.
Jour 6:Transports en trop:0 0 87 0 0 0 0 0 0 87
Jour 6:Ventes prévues invalides pour le Magasin 2: n'est pas un entier (0 utilisé)
Jour 6, Usine 0:Capacité de stockage insuffisante ; stock prévu de 187 limité à 100.
Jour 6:Coûts totaux de stockage mal estimés:150.0 !=40.0.
Jour 6:Coûts de transport mal estimés:478.5 !=0.0.
Jour 7:Transports en trop:0 0 87 0 0 0 0 0 0 87
Jour 7:Ventes prévues invalides pour le Magasin 2: n'est pas un entier (0 utilisé)
Jour 7, Usine 0:Capacité de stockage insuffisante ; stock prévu de 187 limité à 100.
Jour 7:Coûts totaux de stockage mal estimés:150.0 !=40.0.
Jour 7:Coûts de transport mal estimés:478.5 !=0.0.
Jour 8:Transports en trop:0 0 87 0 0 0 0 0 0 87
Jour 8:Ventes prévues invalides pour le Magasin 2: n'est pas un entier (0 utilisé)
Jour 8, Usine 0:Capacité de stockage insuffisante ; stock prévu de 187 limité à 100.
Jour 8:Coûts totaux de stockage mal estimés:150.0 !=40.0.
Jour 8:Coûts de transport mal estimés:478.5 !=0.0.
Jour 9:Transports en trop:0 0 87 0 0 0 0 0 0 87
Jour 9:Ventes prévues invalides pour le Magasin 2: n'est pas un entier (0 utilisé)
Jour 9, Usine 0:Capacité de stockage insuffisante ; stock prévu de 187 limité à 100.
Jour 9:Coûts totaux de stockage mal estimés:150.0 !=40.0.
Jour 9:Coûts de transport mal estimés:478.5 !=0.0.
Jour 10:Transports en trop:0 0 87 0 0 0 0 0 0 87
Jour 10:Ventes prévues invalides pour le Magasin 2: n'est pas un entier (0 utilisé)
Jour 10, Usine 0:Capacité de stockage insuffisante ; stock prévu de 187 limité à 100.
Jour 10:Coûts totaux de stockage mal estimés:150.0 !=40.0.
Jour 10:Coûts de transport mal estimés:478.5 !=0.0.
Jour 11:Transports en trop:0 0 87 0 0 0 0 0 0 87
Jour 11:Ventes prévues invalides pour le Magasin 2: n'est pas un entier (0 utilisé)
Jour 11, Usine 0:Capacité de stockage insuffisante ; stock prévu de 187 limité à 100.
Jour 11:Coûts totaux de stockage mal estimés:150.0 !=40.0.
Jour 11:Coûts de transport mal estimés:478.5 !=0.0.
Jour 12:Transports en trop:0 0 87 0 0 0 0 0 0 87
Jour 12:Ventes prévues invalides pour le Magasin 2: n'est pas un entier (0 utilisé)
Jour 12, Usine 0:Capacité de stockage insuffisante ; stock prévu de 187 limité à 100.
Jour 12:Coûts totaux de stockage mal estimés:150.0 !=40.0.
Jour 12:Coûts de transport mal estimés:478.5 !=0.0.
Jour 13:Transports en trop:0 0 87 0 0 0 0 0 0 87
Jour 13:Ventes prévues invalides pour le Magasin 2: n'est pas un entier (0 utilisé)
Jour 13, Usine 0:Capacité de stockage insuffisante ; stock prévu de 187 limité à 100.
Jour 13:Coûts totaux de stockage mal estimés:150.0 !=40.0.
Jour 13:Coûts de transport mal estimés:478.5 !=0.0.
Jour 14:Transports en trop:0 0 87 0 0 0 0 0 0 87
Jour 14:Ventes prévues invalides pour le Magasin 2: n'est pas un entier (0 utilisé)
Jour 14, Usine 0:Capacité de stockage insuffisante ; stock prévu de 187 limité à 100.
Jour 14:Coûts totaux de stockage mal estimés:150.0 !=40.0.
Jour 14:Coûts de transport mal estimés:478.5 !=0.0.
Jour 15:Transports en trop:0 0 87 0 0 0 0 0 0 87
Jour 15:Ventes prévues invalides pour le Magasin 2: n'est pas un entier (0 utilisé)
Jour 15, Usine 0:Capacité de stockage insuffisante ; stock prévu de 187 limité à 100.
Jour 15:Coûts totaux de stockage mal estimés:150.0 !=40.0.
Jour 15:Coûts de transport mal estimés:478.5 !=0.0.
Il y a eu 45 erreurs ! Il faut les corriger.
Il y a eu 30 alertes ! Il faudrait les corriger.
----------------------------------------------------
Évaluation prévisionnelle...
COÛT TOTAL PRÉVISIONNEL       :        2685.00€
... DONT PRODUITS MANQUANTS   :           0.00€
VENTES TOTALES PRÉVISIONNELLES:       38250.00€
BILAN PRÉVISIONNEL            :       35565.00€
----------------------------------------------------
Évaluation en simulation...
COÛT TOTAL (moyenne)          :        4995.00€
... DONT PRODUITS MANQUANTS   :        2550.00€
VENTES TOTALES (moyenne)      :        2550.00€
BILAN (moyenne)               :       -2445.00€
----------------------------------------------------
Écritures des indicateurs...
----------------------------------------------------
SCORE=-2445.00
Terminé.
