----------------------------------------------------
CHECKER-1.1 : inst\C3a @ 2022-03-25 22:19:37.037784
----------------------------------------------------
Exécution de Probleme sur inst\C3a...
Your OS does not support SIGALRM: timeout disabled. Beware of infinite loops.
----------------------------------------------------
Lecture et vérification de la solution...
Jour 1:Transports en trop:0 0 84 0 0 0 0 0 0 84
Jour 1:Ventes prévues invalides pour le Magasin 2: n'est pas un entier (0 utilisé)
Jour 1, Usine 0:Capacité de stockage insuffisante ; stock prévu de 134 limité à 100.
Jour 1:Coûts totaux de stockage mal estimés:150.0 !=40.0.
Jour 1:Coûts de transport mal estimés:462.0 !=0.0.
Jour 2:Transports en trop:0 0 84 0 0 0 0 0 0 84
Jour 2:Ventes prévues invalides pour le Magasin 2: n'est pas un entier (0 utilisé)
Jour 2, Usine 0:Capacité de stockage insuffisante ; stock prévu de 184 limité à 100.
Jour 2:Coûts totaux de stockage mal estimés:150.0 !=40.0.
Jour 2:Coûts de transport mal estimés:462.0 !=0.0.
Jour 3:Transports en trop:0 0 84 0 0 0 0 0 0 84
Jour 3:Ventes prévues invalides pour le Magasin 2: n'est pas un entier (0 utilisé)
Jour 3, Usine 0:Capacité de stockage insuffisante ; stock prévu de 184 limité à 100.
Jour 3:Coûts totaux de stockage mal estimés:150.0 !=40.0.
Jour 3:Coûts de transport mal estimés:462.0 !=0.0.
Jour 4:Transports en trop:0 0 84 0 0 0 0 0 0 84
Jour 4:Ventes prévues invalides pour le Magasin 2: n'est pas un entier (0 utilisé)
Jour 4, Usine 0:Capacité de stockage insuffisante ; stock prévu de 184 limité à 100.
Jour 4:Coûts totaux de stockage mal estimés:150.0 !=40.0.
Jour 4:Coûts de transport mal estimés:462.0 !=0.0.
Jour 5:Transports en trop:0 0 84 0 0 0 0 0 0 84
Jour 5:Ventes prévues invalides pour le Magasin 2: n'est pas un entier (0 utilisé)
Jour 5, Usine 0:Capacité de stockage insuffisante ; stock prévu de 184 limité à 100.
Jour 5:Coûts totaux de stockage mal estimés:150.0 !=40.0.
Jour 5:Coûts de transport mal estimés:462.0 !=0.0.
Jour 6:Transports en trop:0 0 84 0 0 0 0 0 0 84
Jour 6:Ventes prévues invalides pour le Magasin 2: n'est pas un entier (0 utilisé)
Jour 6, Usine 0:Capacité de stockage insuffisante ; stock prévu de 184 limité à 100.
Jour 6:Coûts totaux de stockage mal estimés:150.0 !=40.0.
Jour 6:Coûts de transport mal estimés:462.0 !=0.0.
Jour 7:Transports en trop:0 0 84 0 0 0 0 0 0 84
Jour 7:Ventes prévues invalides pour le Magasin 2: n'est pas un entier (0 utilisé)
Jour 7, Usine 0:Capacité de stockage insuffisante ; stock prévu de 184 limité à 100.
Jour 7:Coûts totaux de stockage mal estimés:150.0 !=40.0.
Jour 7:Coûts de transport mal estimés:462.0 !=0.0.
Jour 8:Transports en trop:0 0 84 0 0 0 0 0 0 84
Jour 8:Ventes prévues invalides pour le Magasin 2: n'est pas un entier (0 utilisé)
Jour 8, Usine 0:Capacité de stockage insuffisante ; stock prévu de 184 limité à 100.
Jour 8:Coûts totaux de stockage mal estimés:150.0 !=40.0.
Jour 8:Coûts de transport mal estimés:462.0 !=0.0.
Jour 9:Transports en trop:0 0 84 0 0 0 0 0 0 84
Jour 9:Ventes prévues invalides pour le Magasin 2: n'est pas un entier (0 utilisé)
Jour 9, Usine 0:Capacité de stockage insuffisante ; stock prévu de 184 limité à 100.
Jour 9:Coûts totaux de stockage mal estimés:150.0 !=40.0.
Jour 9:Coûts de transport mal estimés:462.0 !=0.0.
Jour 10:Transports en trop:0 0 84 0 0 0 0 0 0 84
Jour 10:Ventes prévues invalides pour le Magasin 2: n'est pas un entier (0 utilisé)
Jour 10, Usine 0:Capacité de stockage insuffisante ; stock prévu de 184 limité à 100.
Jour 10:Coûts totaux de stockage mal estimés:150.0 !=40.0.
Jour 10:Coûts de transport mal estimés:462.0 !=0.0.
Jour 11:Transports en trop:0 0 84 0 0 0 0 0 0 84
Jour 11:Ventes prévues invalides pour le Magasin 2: n'est pas un entier (0 utilisé)
Jour 11, Usine 0:Capacité de stockage insuffisante ; stock prévu de 184 limité à 100.
Jour 11:Coûts totaux de stockage mal estimés:150.0 !=40.0.
Jour 11:Coûts de transport mal estimés:462.0 !=0.0.
Jour 12:Transports en trop:0 0 84 0 0 0 0 0 0 84
Jour 12:Ventes prévues invalides pour le Magasin 2: n'est pas un entier (0 utilisé)
Jour 12, Usine 0:Capacité de stockage insuffisante ; stock prévu de 184 limité à 100.
Jour 12:Coûts totaux de stockage mal estimés:150.0 !=40.0.
Jour 12:Coûts de transport mal estimés:462.0 !=0.0.
Jour 13:Transports en trop:0 0 84 0 0 0 0 0 0 84
Jour 13:Ventes prévues invalides pour le Magasin 2: n'est pas un entier (0 utilisé)
Jour 13, Usine 0:Capacité de stockage insuffisante ; stock prévu de 184 limité à 100.
Jour 13:Coûts totaux de stockage mal estimés:150.0 !=40.0.
Jour 13:Coûts de transport mal estimés:462.0 !=0.0.
Jour 14:Transports en trop:0 0 84 0 0 0 0 0 0 84
Jour 14:Ventes prévues invalides pour le Magasin 2: n'est pas un entier (0 utilisé)
Jour 14, Usine 0:Capacité de stockage insuffisante ; stock prévu de 184 limité à 100.
Jour 14:Coûts totaux de stockage mal estimés:150.0 !=40.0.
Jour 14:Coûts de transport mal estimés:462.0 !=0.0.
Jour 15:Transports en trop:0 0 84 0 0 0 0 0 0 84
Jour 15:Ventes prévues invalides pour le Magasin 2: n'est pas un entier (0 utilisé)
Jour 15, Usine 0:Capacité de stockage insuffisante ; stock prévu de 184 limité à 100.
Jour 15:Coûts totaux de stockage mal estimés:150.0 !=40.0.
Jour 15:Coûts de transport mal estimés:462.0 !=0.0.
Jour 16:Transports en trop:0 0 84 0 0 0 0 0 0 84
Jour 16:Ventes prévues invalides pour le Magasin 2: n'est pas un entier (0 utilisé)
Jour 16, Usine 0:Capacité de stockage insuffisante ; stock prévu de 184 limité à 100.
Jour 16:Coûts totaux de stockage mal estimés:150.0 !=40.0.
Jour 16:Coûts de transport mal estimés:462.0 !=0.0.
Jour 17:Transports en trop:0 0 84 0 0 0 0 0 0 84
Jour 17:Ventes prévues invalides pour le Magasin 2: n'est pas un entier (0 utilisé)
Jour 17, Usine 0:Capacité de stockage insuffisante ; stock prévu de 184 limité à 100.
Jour 17:Coûts totaux de stockage mal estimés:150.0 !=40.0.
Jour 17:Coûts de transport mal estimés:462.0 !=0.0.
Jour 18:Transports en trop:0 0 84 0 0 0 0 0 0 84
Jour 18:Ventes prévues invalides pour le Magasin 2: n'est pas un entier (0 utilisé)
Jour 18, Usine 0:Capacité de stockage insuffisante ; stock prévu de 184 limité à 100.
Jour 18:Coûts totaux de stockage mal estimés:150.0 !=40.0.
Jour 18:Coûts de transport mal estimés:462.0 !=0.0.
Jour 19:Transports en trop:0 0 84 0 0 0 0 0 0 84
Jour 19:Ventes prévues invalides pour le Magasin 2: n'est pas un entier (0 utilisé)
Jour 19, Usine 0:Capacité de stockage insuffisante ; stock prévu de 184 limité à 100.
Jour 19:Coûts totaux de stockage mal estimés:150.0 !=40.0.
Jour 19:Coûts de transport mal estimés:462.0 !=0.0.
Jour 20:Transports en trop:0 0 84 0 0 0 0 0 0 84
Jour 20:Ventes prévues invalides pour le Magasin 2: n'est pas un entier (0 utilisé)
Jour 20, Usine 0:Capacité de stockage insuffisante ; stock prévu de 184 limité à 100.
Jour 20:Coûts totaux de stockage mal estimés:150.0 !=40.0.
Jour 20:Coûts de transport mal estimés:462.0 !=0.0.
Il y a eu 60 erreurs ! Il faut les corriger.
Il y a eu 40 alertes ! Il faudrait les corriger.
----------------------------------------------------
Évaluation prévisionnelle...
COÛT TOTAL PRÉVISIONNEL       :        3510.00€
... DONT PRODUITS MANQUANTS   :           0.00€
VENTES TOTALES PRÉVISIONNELLES:       32100.00€
BILAN PRÉVISIONNEL            :       28590.00€
----------------------------------------------------
Évaluation en simulation...
COÛT TOTAL (moyenne)          :        4800.00€
... DONT PRODUITS MANQUANTS   :        1605.00€
VENTES TOTALES (moyenne)      :        1605.00€
BILAN (moyenne)               :       -3195.00€
----------------------------------------------------
Écritures des indicateurs...
----------------------------------------------------
SCORE=-3195.00
Terminé.
